<?xml version="1.0" encoding="UTF-8"?>
<testng-results ignored="0" total="1" passed="1" failed="0" skipped="0">
  <reporter-output>
  </reporter-output>
  <suite started-at="2022-12-17T15:36:12 EST" name="Default suite" finished-at="2022-12-17T15:36:18 EST" duration-ms="6715">
    <groups>
    </groups>
    <test started-at="2022-12-17T15:36:12 EST" name="Default test" finished-at="2022-12-17T15:36:18 EST" duration-ms="6715">
      <class name="com.generic.CoctcoWithTestNG">
        <test-method is-config="true" signature="setup()[pri:0, instance:com.generic.CoctcoWithTestNG@a1153bc]" started-at="2022-12-17T15:36:12 EST" name="setup" finished-at="2022-12-17T15:36:18 EST" duration-ms="6684" status="PASS">
          <reporter-output>
          </reporter-output>
        </test-method> <!-- setup -->
        <test-method signature="loginTest()[pri:0, instance:com.generic.CoctcoWithTestNG@a1153bc]" started-at="2022-12-17T15:36:18 EST" name="loginTest" finished-at="2022-12-17T15:36:18 EST" duration-ms="6" status="PASS">
          <reporter-output>
          </reporter-output>
        </test-method> <!-- loginTest -->
        <test-method is-config="true" signature="teardown()[pri:0, instance:com.generic.CoctcoWithTestNG@a1153bc]" started-at="2022-12-17T15:36:18 EST" name="teardown" finished-at="2022-12-17T15:36:18 EST" duration-ms="0" status="PASS">
          <reporter-output>
          </reporter-output>
        </test-method> <!-- teardown -->
      </class> <!-- com.generic.CoctcoWithTestNG -->
    </test> <!-- Default test -->
  </suite> <!-- Default suite -->
</testng-results>
